    1  passwd
    2  ping 172.20.25.9
    3  passwd
    4  wget www.github.com
    5  pwd
    6  ls
    7  pwd
    8  echo $SHELL
    9  echo "hello"
   10  mkdir files
   11  ls
   12  cd files
   13  pwd
   14  ls-l
   15  ls -l
   16  man -ls
   17  man
   18  man ls
   19  man vi
   20  man -l
   21  man ls
   22  man pwd
   23  man cat
   24  man rm
   25  man awk
   26  man ls
   27  man --usage
   28  man --path
   29  --path
   30  man --extensions
   31  man --locale
   32  --locale
   33  man -tar
   34  man tar
   35  tar --help
   36  clear
   37  tar--help
   38  tar --help
   39  wget www.github.com
   40  history
   41  ls
   42  wget www.github.com
   43  mkdir githubproject
   44  cd githubproject
   45  git init
   46  touch worksheet1.txt
   47  ls
   48  git status
   49  git add worksheet1.txt
   50  git status
   51  git commit -m "This is my first commit"
   52  git branch
   53  git remote add origin https://github.com/george-wilfert/cs131.git
   54  git push -u origin master
   55  git push origin worksheet1.txt
   56  cd worksheet1.txt
   57  --global georgesp24@sjsu
   58  git config --global georgesp24@sjsu
   59  git commit -m "This is my first commit"
   60  git config george
   61  git config georgesp24@sjsu
   62  git clone https://github.com/george-wilfert/cs131.git
   63  history > cmds.log
   64  ls
   65  git status
   66  git add cmds.log
   67  git status
   68  git commit -m "test"
   69  git config georgesp24@sjsu githubproject
   70  git confi
   71  git config
   72  git config --get
   73  git -- get
   74  git config --system
   75  git config georgewilfert14@gmail.com
   76  git config george 
   77  git config georgewilfert
   78  git config --global user.email "georgesp24@sjsu"
   79  git commit  -m "Test"
   80  git config --global user.email "georgesp24@sjsu"
   81  git status
   82  git add cs 131/
   83  git add cs131/
   84  git rm --cached cs131
   85  -f
   86  git status
   87  git push origin master
   88  git push cmds.logs origin master
   89  git remote add origin https://github.com/george-wilfert/cs131
   90  git commit -m "test"
   91  git push origin main
   92  git config --global gw14csw@outlook.com
   93  git config --global georgewilfert14
   94  git config --global gw14csw
   95  git config --global gerogesp24@sjsu 
   96  git config --global georgesp24@sjsu
   97  git config "georgesp24@sjsu"
   98  git rm --cached cs131 -f
   99  git status
  100  git push 
  101  git push origin master
  102  git commit -m "test"
  103  git config user.name "george-wilfert"
  104  git config user.email "georgewilfert14@gmail.com"
  105  git commit -m "test"
  106  git push origin main
  107  git status
  108  git push origin main
  109  git add cs131/
  110  git commit -m "test"
  111  git staus
  112  git status
  113  git push origin main
  114  git push origin master
  115  git push origin main
  116  git push origin master
  117  git push origin main
  118  [georgesp24@sjsu githubproject]$ git push origin main
  119  git status
  120  git push origin master
  121  [georgesp24@sjsu githubproject]$ git push origin main[georgesp24@sjsu githubproject]$ git push origin main
  122  git init
  123  git status
  124  cd githubproject
  125  ls
  126  git status
  127  cat cmds.log
  128  git push origin master
  129  git init
  130  cd githubproject
  131  ls
  132  git status
  133  cd cmds.log
  134  cat cmds.log
  135  git push origin main
  136  git push origin master
  137  git push main origin
  138  git push origin main
  139  git push -u origin master
  140  ls
  141  git rm --cached cs131
  142  git stauts
  143  git status
  144  git commit -m "deleted clone"
  145  git stauts
  146  git status
  147  cd cs131
  148  ls
  149  /
  150  ..
  151  :
  152  help
  153  ~
  154  ls
  155  cs githubproject
  156  cd githubproject
  157  ls
  158  git init
  159  git status
  160  git push origin master
  161  git remote set-url origin https://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@github.com/george-wilfert/cs131
  162  git push origin main
  163  git push origin master
  164  ls
  165  cd files
  166  ls
  167  ~
  168  ls
  169  cat index.html
  170  clear
  171  cat githubproject/
  172  ls
  173  head index.html
  174  more
  175  man
  176  man more
  177   
  178  pager more
  179  man pager
  180  wget https://raw.githubusercontent.com/khanchandaniashish/CS131/main/spotify-2023.csv
  181  ls
  182  head spotify-2023.csv 
  183  Pager
  184  more
  185  head spotify-2023.csv 
  186  more
  187  more --help
  188  more spotify-2023.csv 
  189  tail spotify-2023.csv 
  190  clear
  191  tail -2 spotify-2023.csv 
  192  tail -15 spotify-2023.csv
  193  clear
  194  man tail
  195  tail -f spotify-2023.csv 
  196  ls
  197  nano
  198  nano spotify-2023.csv 
  199  head spotify-2023.csv 
  200  nano spotify-2023.csv 
  201  clear
  202  vi spotify-2023.csv 
  203  head spotify-2023.csv 
  204  vim spotify-2023.csv 
  205  head spotify-2023.csv 
  206  vim spotify-2023.csv 
  207  vi spotify-2023.csv 
  208  ls
  209  cd githubproject/
  210  ls
  211  ..
  212  cd ..
  213  ls
  214  vim spotify-2023.csv 
  215  ls
  216  vi unsorted.txt 
  217  sort unsorted.txt 
  218  cat unsorted.txt 
  219  sort unsorted.txt 
  220  sort unsorted.txt > sorted.txt
  221  cat sorted.txt 
  222  echo "Hello"
  223  echo "Hello" > echofile.txt
  224  cat echofile.txt 
  225  ls
  226  clear
  227  man wc
  228  cat sorted.txt 
  229  wc sorted.txt 
  230  wc -l sorted.txt 
  231  wc -b sorted.txt 
  232  wc -c sorted.txt 
  233  wc -w sorted.txt 
  234  man grep
  235  grep 'Drake' spotify-2023.csv 
  236  grep 'Kanye' spotify-2023.csv 
  237  clear
  238  grep 'Taylor Swift' spotify-2023.csv 
  239  grep 'Taylor Swift' spotify-2023.csv > linesWithTaylor.txt
  240  ls
  241  wc -l linesWithTaylor.txt 
  242  wc -l spotify-2023.csv 
  243  pwd
  244  echo "pwd"
  245  echo 'pwd'
  246  echo `pwd`
  247  echo $home
  248  echo $HOME
  249  echo $SHELL
  250  pwd
  251  cd githubproject/
  252  pwd
  253  cd $HOME
  254  pwd
  255  USer
  256  USER
  257  $USER
  258  clear
  259  `pwd`
  260  clear
  261  a = 123
  262  a=123
  263  echo $a
  264  export -f %a
  265  clear
  266  history
  267  vim spotify-2023.csv 
  268  ls
  269  cat unsorted.txt 
  270  grep Drake spotify-2023.csv > Drake_Taylor
  271  grep Taylor Swift spotify-2023.csv 
  272  grep "Taylor Swift" spotify-2023.csv >> Drake_Taylor 
  273  cat Drake_Taylor 
  274  wc -l Drake_Taylor 
  275  history
  276  git init
  277  git status
  278  ls
  279  mkdir practice
  280  ls
  281  cd practice
  282  ls
  283  python3
  284  java
  285  whereis java
  286  ls -latr
  287  man ls
  288  man ls -latr
  289  ls -latr
  290  cd ..
  291  ls -latr
  292  cat .bashrc
  293  lll
  294  .bashrc
  295  vi .bash_profile
  296  ls -latr
  297  vi .bashrc
  298  ls -latr
  299  lll
  300  vim .bashrc
  301  lll
  302  source .bashrc
  303  lll
  304  cat /etc/group
  305  ls
  306  lll practice/
  307  cat /etc/passwd
  308  cat /etc/shadow
  309  sudo cat /etc/shadow
  310  pwd
  311  su ashish
  312  cat /etc/suderors
  313  cat /etc/sudeors
  314  grep wheel /etc/group
  315  man chown
  316  cd githubproject/
  317  vim history
  318  ls
  319  cd cs131/
  320  ls
  321  cd Worksheet\ 1/
  322  ls
  323  cd worksh
  324  cd worksheet1
  325  vim worksheet1 
  326  $HOME
  327  cd $HOME
  328  cat /mnt/scratch/FA23_CS131_Ashish/ashish/a.txt
  329  cat a.txt
  330  ls
  331  mv Drake_Taylor practice/
  332  ls
  333  mv linesWithTaylor.txt practice/
  334  mv spotify-2023.csv 
  335  mv spotify-2023.csv practice/
  336  ls
  337  mv index.html practice/
  338  mv echofile.txt practice/
  339  mv index.html.1 practice/
  340  mv sorted.txt practice/
  341  mv unsorted.txt pr
  342  mv unsorted.txt practice/
  343  ls
  344  dl pr
  345  delete pr
  346  man
  347  man del
  348  rm pr
  349  ls
  350  cat /mnt/scratch/FA23_CS131_Ashish/ashish/a.txt
  351  vim /mnt/scratch/FA23_CS131_Ashish/ashish/a.txt
  352  ls
  353  whoami
  354  ls -latr
  355  man ls
  356  ls -l
  357  grep bob /etc/passwd
  358  useradd bob
  359  grep bob /etc/passwd
  360  echo /etc/passwd
  361  ls /etc/passwd
  362  cat /etc/passwd
  363  clear
  364  man passwd
  365  clear
  366  ls
  367  cd practice/
  368  cat /etc/passwd
  369  clear
  370  ls
  371  cd ..
  372  ls
  373  clear
  374  ps aux
  375  clear
  376  su 
  377  echo hello
  378  echo hello | ls
  379  clear
  380  crontab -l
  381  cat /etc/crontab
  382  crontab -e
  383  crontab -l
  384  crontab -r
  385  clear
  386  git init
  387  git add A
  388  git status
  389  git push
  390  ls
  391  history
  392  clear
  393  pwd
  394  ls
  395  cd practice/
  396  vi a.txt
  397  ls
  398  ls -ltr | grep spotify-2023.csv 
  399  grep -i 'ice spice' spotify-2023.csv 
  400  grep -i 'ice spice' spotify-2023.csv | grep "PinkPantheress"
  401  grep -i 'ice spice' spotify-2023.csv | grep "PinkPantheress" | wc -l
  402  ls -ltr | wc-l
  403  ls -ltr | wc -l
  404  ls
  405  ls -ltr
  406  chmod 777 sorted.txt 
  407  ls -ltr
  408  chmod g-wxr sorted.txt 
  409  ls -ltr
  410  chmod g+r
  411  chmod g+r spotify-2023.csv 
  412  ls -ltr
  413  chmod g+r sorted.txt 
  414  ls -ltr
  415  chmod g+wx sorted.txt 
  416  ls -ltr
  417  ls
  418  cat sorted.txt 
  419  vim sorted.txt 
  420  cat sorted.txt 
  421  chmod a-xw sorted.txt 
  422  ls -ltr
  423  vim sorted.txt 
  424  cat sorted.txt 
  425  ls -ltr
  426  chmod 552 sorted.txt 
  427  ls -ltr
  428  chmod 664 sorted.txt 
  429  ls -ltr
  430  history
  431  find /tmp -time 
  432  mkdir Worksheet2
  433  cd Worksheet2/
  434  wget https://raw.githubusercontent.com/khanchandaniashish/CS131/main/Global%20YouTube%20Statistics.csv
  435  ls
  436  vi Global\ YouTube\ Statistics.csv 
  437  grep "United States" Global\ YouTube\ Statistics.csv 
  438  grep "United States" Global\ YouTube\ Statistics.csv > counts.txt
  439  vim counts.txt 
  440  grep ",Music" Global\ YouTube\ Statistics.csv >> counts.txt 
  441  vim counts
  442  ls
  443  vi counts.txt 
  444  man wc
  445  wc -l counts.txt >> counts.txt 
  446  wc -c counts.txt >> counts.txt 
  447  vi counts.txt 
  448  wc -w counts.txt >> counts.txt 
  449  vim counts.txt 
  450  ls
  451  history > cmds.log
  452  ls
  453  cat cmds.log 
  454  grep "United States" Global\ YouTube\ Statistics.csv 
  455  wc -l | grep "Music" Global\ YouTube\ Statistics.csv 
  456  ls
  457  cd Worksheet2/
  458  ls
  459  vi counts.txt 
  460  grep "Avicii" counts.txt 
  461  grep "Lamar" counts.txt 
  462  grep "Sony" counts.txt 
  463  git status
  464  git commit -m
  465  git commit -m test
  466  git config --global user.email "georgewilfert14@gmail.com"
  467  git config --global user.name "george-wilfert"
  468  git commit -m test
  469  git add Worksheet2
  470  ls
  471  cd ..
  472  ls
  473  git add Worksheet2
  474  git status
  475  git commit -m worksheet 2
  476  git commit -m worksheet2
  477  git stauts
  478  git status
  479  git push
  480  git push Worksheet2
  481  git status
  482  git remote add https://github.com/george-wilfert/cs131
  483  git remote add https://github.com/george-wilfert/cs131 -m
  484  git push origin main
  485  git status
  486  ls
  487  git add Worksheet2/
  488  git status
  489  git remote -v
  490  git init
  491  git status
  492  git add Worksheet2/
  493  git status
  494  git commit -m 
  495  git commit -m "Worksheet 2"
  496  git remote add https://github.com/george-wilfert/cs131/tree/main/Worksheet%201
  497  git remote add https://github.com/george-wilfert/cs131/tree/main/Worksheet%201 -t
  498  git remote add https://github.com/george-wilfert/cs131/tree/main/Worksheet%201 --track
  499  git remote add https://github.com/george-wilfert/cs131/tree/main/Worksheet%201 --main
  500  git status
  501  git remote add git@github.com:george-wilfert/cs131.git
  502  git clone git@github.com:george-wilfert/cs131.git
  503  ls
  504  cd git
  505  cd githubproject/
  506  ls
  507  cs131
  508  cd cs131/
  509  ls
  510  history
  511  cd ..
  512  cd..
  513  cd ..
  514  ls
  515  mv Worksheet2/ githubproject/
  516  ls
  517  cd githubproject/
  518  ls
  519  mv Worksheet2/ cs131
  520  ls
  521  cd cs131
  522  ls
  523  cd Worsheet2
  524  cd Worksheet2
  525  ls
  526  cd cmds
  527  cd cmds.log
  528  ls
  529  cd cmds.log
  530  cat cmds.log 
  531  vi counts.txt 
  532  git status
  533  git init
  534  git config --global init.defaultBranch main
  535  git init
  536  git status
  537  cd..
  538  cd ..
  539  git status
  540  git add Worksheet2/
  541  git commit -m "Adding worksheet 2"
  542  git add Worksheet2/
  543  git add .
  544  cd ..
  545  ls
  546  cd cs131
  547  mv Worksheet2 githubproject
  548  ls
  549  cd ..
  550  ls
  551  cd cs131
  552  ls
  553  cd githubproject/
  554  ls
  555  cd ..
  556  mv githubproject/cs131 githubproject
  557  ls
  558  cd cs131
  559  ls
  560  mv githubproject/ Worksheet2
  561  ls
  562  mv Worsheet2 ..
  563  mv Worksheet2 ..
  564  ls
  565  cd ..
  566  ls
  567  cd Worksheet2/
  568  ls
  569  cd ..
  570  git status
  571  git add Worksheet2/
  572  git add Worksheet2/ 
  573  ls
  574  mv Worksheet2/ ..
  575  ls
  576  cd ..
  577  ls
  578  git status
  579  git add Worksheet2/
  580  git status
  581  ls
  582  cd files
  583  ls
  584  cd ..
  585  git status
  586  git add Worksheet2/
  587  git status
  588  cd .git/
  589  ls
  590  cd cranches
  591  cd branches
  592  ls
  593  $HOME
  594  cd $HOME
  595  ls
  596  cd Worksheet2/
  597  ls
  598  cd counts
  599  cat counts.txt 
  600  :wq!
  601  rm counts.txt 
  602  rm cmds.log 
  603  ls
  604  grep ",Music" Global\ YouTube\ Statistics.csv > counts.txt
  605  ls
  606  grep ",Music," Global\ YouTube\ Statistics.csv > counts.txt
  607  ls
  608  wc -l counts.txt >> counts.txt 
  609  wc -w counts.txt >> counts.txt 
  610  vim counts.txt 
  611  grep ",United States," Global\ YouTube\ Statistics.csv 
  612  history > cmds.log
  613  ls
  614  cd ..
  615  ls
  616  git init
  617  git status
  618  git add Worksheet2/.
  619  git status
  620  git commit "Worksheet 2"
  621  git commit -m "Worksheet 2"
  622  git stauts
  623  git status
  624  git remote add https://github.com/george-wilfert/cs131.git
  625  git remote add -m https://github.com/george-wilfert/cs131.git
  626  git push -u origin main
  627  git push -u origin master
  628  git status
  629  git remote add origin
  630  git remote add origin https://github.com/george-wilfert/cs131.git
  631  git status
  632  git push -u origin master
  633  git push -u origin main
  634  git push -u origin master
  635  git config --global user.name "george-wilfert"
  636  git config --global user.email "georgewilfer14@gmail.com"
  637  git config -l
  638  git push -u origin master
  639  git status
  640  touch new.txt
  641  ls
  642  git status
  643  git add new.txt 
  644  git status
  645  git commit -m "test"
  646  git push -u origin master
  647  history
  648  ls
  649  cd Worsheet2
  650  cd Worksheet2
  651  ls
  652  rm counts.txt 
  653  wc -l Global\ YouTube\ Statistics.csv > counts.txt
  654  ls
  655  vi counts.txt 
  656  wc -l | grep ',Music,' Global\ YouTube\ Statistics.csv > counts.txt
  657  ls
  658  cd Worksheet2/
  659  ls
  660  vi counts.txt 
  661  grep ',Music,' Global\ YouTube\ Statistics.csv | wc -l> counts.txt
  662  vi counts.txt 
  663  grep ',Music,' Global\ YouTube\ Statistics.csv | wc -w>> counts.txt
  664  vim counts.txt 
  665  grep ',United States,' Global\ YouTube\ Statistics.csv | wc -l>> counts.txt
  666  grep ',United States,' Global\ YouTube\ Statistics.csv | wc -w>> counts.txt
  667  vim counts.txt 
  668  stat hasSomeData
  669  ls
  670  stats Worksheet2/
  671  stat Worksheet2/
  672  stat practice/
  673  git status
  674  history > cmds.log
  675  cat cmds.log 
  676  git init
  677  git status
  678  ls
  679  mv cmds.log Worksheet2/
  680  git status
  681  git add Worksheet2/
  682  git commit -m "Redo worksheet 2"
  683  git push -u origin master
  684  ls
  685  git status
  686  git push -u origin master
  687  git pull
  688  git push -u origin master
  689  git pull
  690  ls
  691  cd Worksheet
  692  cd Worksheet2
  693  ls
  694  vim counts_2.txt 
  695  git pull
  696  git push -u origin master
  697  cd ..
  698  git pull
  699  ls
  700  git status
  701  git add Worksheet2/counts_2.txt
  702  git status
  703  git push -u origin master
  704  git pull
  705  git commint -m "test"
  706  git commit -m "test"
  707  git pull
  708  git config pull.rebase false
  709  git pull
  710  git stauts
  711  git status
  712  git push -u origin master
  713  ls
  714  cd assignment1/
  715  ls
  716  cat shell_file 
  717  echo $SHELL
  718  echo $SHELL >shell_file 
  719  cat shell_file 
  720  echo $HOME >> shell_file 
  721  vi shell_file 
  722  sudo cat /etc/passwd
  723  cat /etc/passwd
  724  cat /etc/passwd | grep 'georgesp25'
  725  cat /etc/passwd | grep 'georgesp24'
  726  cat /etc/passwd | grep 'georgesp24' >> shell_file 
  727  vim shell_file 
  728  id -g georgesp24
  729  vim shell_file 
  730  mkdir myDir
  731  ls
  732  chmod mrDir 7
  733  man chmod
  734  chmod mrDir 577
  735  chmod 577 myDir/
  736  ls -ltr
  737  mv shell_file assignment1.txt
  738  ls
  739  vim assignment1.txt 
  740  mkdir myDir2
  741  mkdir myDir3
  742  cd myDir2
  743  vim myFile.txt
  744  ls
  745  mv myFile.txt myDir3
  746  cd ..
  747  ls
  748  cd myDir3
  749  ls
  750  cd ..
  751  myDir2
  752  cd myDir2
  753  ls
  754  mv myDir3 myFile.txt
  755  ls
  756  cd ..
  757  mv myFile.txt myDir3
  758  cd myDir2
  759  ls
  760  mv myFile.txt/* myDir3
  761  mv myFile.txt ..
  762  ls
  763  cd ..
  764  ls
  765  mv myFile.txt myDir3
  766  cd myDir3
  767  ls
  768  man free
  769  myFile.txt free -m
  770  free -m myFile.txt 
  771  man free
  772  free -m myFile.txt >> assignment1.txt
  773  cd ..
  774  cd myDir3
  775  ls
  776  vim assignment1.txt 
  777  cd ..
  778  ls
  779  vi assignment1.txt 
  780  cd myDir3 | free -m myFile.txt | cd .. | >> assignment1.txt 
  781  vim assignment1.txt 
  782  cd myDir3
  783  ls
  784  cat assignment1.txt 
  785  mv assigment1.txt 1
  786  mv assigment1.txt new
  787  mv assigment1.txt new.txt
  788  cd ..
  789  ls
  790  echo $PATH
  791  cd myDir3
  792  free -m myFile.txt tee -a/usr/local/bin:/usr/bin:/usr/local/sbin:/usr/sbin
  793  ls
  794  free -m myFile.txt > test
  795  ls
  796  mv test
  797  mv test ..
  798  cd ..
  799  ls
  800  cat test
  801  ls
  802  test >> assignment1.txt 
  803  ls
  804  cat assignment1.txt 
  805  cat test
  806  test >> assignment1.txt 
  807  cat assignment1.txt 
  808  cat test >> assignment1.txt 
  809  ls
  810  cat assignment1.txt 
  811  vim assignment1.txt 
  812  uname -r
  813  uname 
  814  uname -m
  815  uname -a
  816  cat /etc/*-release
  817  cat /etc/*-release >> assignment1.txt 
  818  ls -ltr /etc/*-release
  819  ls -ltr /etc/*-release >> assignment1.txt 
  820  vim assignment1.txt 
  821  ls
  822  vim assignment1.txt 
  823  cd..
  824  cd ..
  825  ls
  826  git status
  827  git add assignment1/
  828  git status
  829  git commit -m "Assignment 1"
  830  git push -u origin master
  831  git pull
  832  git push -u origin master
  833  ls
  834  cd assignment1/
  835  ls
  836  mrDir2
  837  cd myDir2
  838  touch test
  839  cd ..
  840  ls
  841  rm test
  842  ls
  843  cd myDir
  844  ls
  845  vi test
  846  ls
  847  chmod myDir 777
  848  chmod 777 myDir
  849  cd ..
  850  chmod 777 myDir
  851  ls
  852  ls -latr
  853  cd myDIr
  854  cd myDir
  855  touch mydir.txt
  856  ls
  857  cd ..
  858  ls
  859  history > cmds.log
  860  ls
  861  cat cmds.log 
  862  clear
  863  chmod 577 myDir
  864  ls -ltr myDir
  865  cd ..
  866  ls -latr
  867  cd assignment1/
  868  ls -latr
  869  ls
  870  git push -u origin master
  871  git status
  872  git add assignment1/
  873  cd ..
  874  git status
  875  git add assignment1/
  876  git status
  877  cd assignment1/
  878  cat cmds.log 
  879  history > cmds.log
